TUIConversation/tuiconversation/build/intermediates/manifest_merge_blame_file/release/manifest-merger-blame-release-report.txt
1<?xml version="1.0" encoding="utf-8"?>
2<manifest xmlns:android="http://schemas.android.com/apk/res/android"
3    package="com.tencent.qcloud.tuikit.tuiconversation" >
4
5    <uses-sdk android:minSdkVersion="19" />
5-->src\main\AndroidManifest.xml
6
7    <application>
7-->src\main\AndroidManifest.xml:4:5-16:19
8
9        <!-- **************** Classic UI Activity Start **************** -->
10        <activity
10-->src\main\AndroidManifest.xml:7:9-9:52
11            android:name="com.tencent.qcloud.tuikit.tuiconversation.classicui.page.TUIForwardSelectActivity"
11-->src\main\AndroidManifest.xml:8:13-109
12            android:screenOrientation="portrait" />
12-->src\main\AndroidManifest.xml:9:13-49
13        <activity
13-->src\main\AndroidManifest.xml:11:9-13:52
14            android:name="com.tencent.qcloud.tuikit.tuiconversation.classicui.page.TUIFoldedConversationActivity"
14-->src\main\AndroidManifest.xml:12:13-114
15            android:screenOrientation="portrait" />
15-->src\main\AndroidManifest.xml:13:13-49
16        <!-- **************** Classic UI Activity End **************** -->
17
18    </application>
19
20</manifest>